

HI-TECH Software PIC STD Macro Assembler V9.81 build 7503 
                                                                                               Fri Mar 28 14:28:51 2014

HI-TECH Software Omniscient Code Generator (Standard mode) build 7503
     1                           	processor	16F1827
     2                           	opt	pw 120
     3                           	opt	sm
     4                           	psect	config,global,class=CONFIG,delta=2
     5                           	psect	nvCOMMON,global,class=COMMON,space=1,delta=1
     6                           	psect	bitnvCOMMON,global,bit,class=COMMON,space=1,delta=1
     7                           	psect	cinit,global,class=CODE,delta=2
     8                           	psect	bssCOMMON,global,class=COMMON,space=1,delta=1
     9                           	psect	cstackCOMMON,global,class=COMMON,space=1,delta=1
    10                           	psect	intentry,global,class=CODE,delta=2
    11                           	dabs	1,0x7E,2
    12  000A                     	;#
    13                           
    14                           	psect	config
    15  8007  FFFC               	dw	65532	;#
    16  8008  DCFF               	dw	56575	;#
    17                           
    18                           	psect	nvCOMMON
    19  0070                     __pnvCOMMON:	
    20  0070                     _i8_LED1_time:	
    21  0070                     	ds	2
    22  0072                     _i8_LED2_time:	
    23  0072                     	ds	2
    24  0074                     _i8_LED3_time:	
    25  0074                     	ds	2
    26  0076                     _i8_LED4_time:	
    27  0076                     	ds	2
    28                           
    29                           	psect	bitnvCOMMON
    30  03C0                     __pbitnvCOMMON:	
    31  03C0                     _new1:	
    32  03C0                     	ds	1
    33  03C1                     _new2:	
    34  03C1                     	ds	1
    35  03C2                     _new3:	
    36  03C2                     	ds	1
    37  03C3                     _new4:	
    38  03C3                     	ds	1
    39  000B                     _INTCONbits	set	11
    40  000C                     _PORTA	set	12
    41  000D                     _PORTB	set	13
    42  001B                     _PR2	set	27
    43  0015                     _TMR0	set	21
    44  0060                     _RA0	set	96
    45  0061                     _RA1	set	97
    46  0066                     _RA6	set	102
    47  0067                     _RA7	set	103
    48  0068                     _RB0	set	104
    49  005A                     _T0IF	set	90
    50  0095                     _OPTION_REG	set	149
    51  0095                     _OPTION_REGbits	set	149
    52  0099                     _OSCCONbits	set	153
    53  008C                     _TRISA	set	140
    54  008D                     _TRISB	set	141
    55  0097                     _WDTCONbits	set	151
    56  018C                     _ANSELA	set	396
    57  018D                     _ANSELB	set	397
    58  0213                     _SSP1MSK	set	531
    59  021B                     _SSP2MSK	set	539
    60  0296                     _PSTR1CON	set	662
    61  029D                     _PSTR2CON	set	669
    62                           
    63                           	psect	cinit
    64  0034                     start_initialization:	
    65                           
    66                           ; Clear objects allocated to COMMON
    67  0034  01F9               	clrf	__pbssCOMMON& (0+127)
    68  0035  01FA               	clrf	(__pbssCOMMON+1)& (0+127)
    69  0036                     end_of_initialization:	
    70                           ;End of C runtime variable initialization code
    71                           
    72  0036  0020               	movlb	0
    73  0037  2838               	ljmp	_main	;jump to C main() function
    74  0038                     __pmaintext:	
    75                           ; 0 bytes @ 0x2
    76 ;;Data sizes: Strings 0, constant 0, data 0, bss 2, persistent 8 stack 0
    77 ;;Auto spaces:   Size  Autos    Used
    78 ;; COMMON          14      2      13
    79 ;; BANK0           80      0       0
    80 ;; BANK1           80      0       0
    81 ;; BANK2           80      0       0
    82 ;; BANK3           80      0       0
    83 ;; BANK4           48      0       0
    84 ;;
    85 ;; Pointer list with targets:
    86 ;;
    87 ;; Critical Paths under _main in COMMON
    88 ;;
    89 ;;   _initialization->_output_a
    90 ;;   _initialization->_output_b
    91 ;;
    92 ;; Critical Paths under _isr in COMMON
    93 ;;
    94 ;;   None.
    95 ;;
    96 ;; Critical Paths under _main in BANK0
    97 ;;
    98 ;;   None.
    99 ;;
   100 ;; Critical Paths under _isr in BANK0
   101 ;;
   102 ;;   None.
   103 ;;
   104 ;; Critical Paths under _main in BANK1
   105 ;;
   106 ;;   None.
   107 ;;
   108 ;; Critical Paths under _isr in BANK1
   109 ;;
   110 ;;   None.
   111 ;;
   112 ;; Critical Paths under _main in BANK2
   113 ;;
   114 ;;   None.
   115 ;;
   116 ;; Critical Paths under _isr in BANK2
   117 ;;
   118 ;;   None.
   119 ;;
   120 ;; Critical Paths under _main in BANK3
   121 ;;
   122 ;;   None.
   123 ;;
   124 ;; Critical Paths under _isr in BANK3
   125 ;;
   126 ;;   None.
   127 ;;
   128 ;; Critical Paths under _main in BANK4
   129 ;;
   130 ;;   None.
   131 ;;
   132 ;; Critical Paths under _isr in BANK4
   133 ;;
   134 ;;   None.
   135 ;;
   136 ;;Main: autosize = 0, tempsize = 0, incstack = 0, save=0
   137 ;;
   138 ;;
   139 ;;Call Graph Tables:
   140 ;;
   141 ;; ---------------------------------------------------------------------------------
   142 ;; (Depth) Function   	        Calls       Base Space   Used Autos Params    Refs
   143 ;; ---------------------------------------------------------------------------------
   144 ;; (0) _main                                                 0     0      0      30
   145 ;;                     _initialization
   146 ;; ---------------------------------------------------------------------------------
   147 ;; (1) _initialization                                       0     0      0      30
   148 ;;                           _output_a
   149 ;;                           _output_b
   150 ;; ---------------------------------------------------------------------------------
   151 ;; (2) _output_b                                             2     0      2      15
   152 ;;                                              0 COMMON     2     0      2
   153 ;; ---------------------------------------------------------------------------------
   154 ;; (2) _output_a                                             2     0      2      15
   155 ;;                                              0 COMMON     2     0      2
   156 ;; ---------------------------------------------------------------------------------
   157 ;; Estimated maximum stack depth 2
   158 ;; ---------------------------------------------------------------------------------
   159 ;; (Depth) Function   	        Calls       Base Space   Used Autos Params    Refs
   160 ;; ---------------------------------------------------------------------------------
   161 ;; (3) _isr                                                  0     0      0       0
   162 ;; ---------------------------------------------------------------------------------
   163 ;; Estimated maximum stack depth 3
   164 ;; ---------------------------------------------------------------------------------
   165 ;; Call Graph Graphs:
   166 ;; _main (ROOT)
   167 ;;   _initialization
   168 ;;     _output_a
   169 ;;     _output_b
   170 ;;
   171 ;; _isr (ROOT)
   172 ;;
   173 ;; Address spaces:
   174 ;;Name               Size   Autos  Total    Cost      Usage
   175 ;;BIGRAM             170      0       0       0        0.0%
   176 ;;EEDATA             100      0       0       0        0.0%
   177 ;;NULL                 0      0       0       0        0.0%
   178 ;;CODE                 0      0       0       0        0.0%
   179 ;;BITCOMMON            E      0       1       1        7.1%
   180 ;;BITSFR0              0      0       0       1        0.0%
   181 ;;SFR0                 0      0       0       1        0.0%
   182 ;;COMMON               E      2       D       2       92.9%
   183 ;;BITSFR1              0      0       0       2        0.0%
   184 ;;SFR1                 0      0       0       2        0.0%
   185 ;;BITSFR2              0      0       0       3        0.0%
   186 ;;SFR2                 0      0       0       3        0.0%
   187 ;;STACK                0      0       2       3        0.0%
   188 ;;BITSFR3              0      0       0       4        0.0%
   189 ;;SFR3                 0      0       0       4        0.0%
   190 ;;ABS                  0      0       D       4        0.0%
   191 ;;BITBANK0            50      0       0       5        0.0%
   192 ;;BITSFR4              0      0       0       5        0.0%
   193 ;;SFR4                 0      0       0       5        0.0%
   194 ;;BANK0               50      0       0       6        0.0%
   195 ;;BITSFR5              0      0       0       6        0.0%
   196 ;;SFR5                 0      0       0       6        0.0%
   197 ;;BITBANK1            50      0       0       7        0.0%
   198 ;;BITSFR6              0      0       0       7        0.0%
   199 ;;SFR6                 0      0       0       7        0.0%
   200 ;;BANK1               50      0       0       8        0.0%
   201 ;;BITSFR7              0      0       0       8        0.0%
   202 ;;SFR7                 0      0       0       8        0.0%
   203 ;;BITBANK2            50      0       0       9        0.0%
   204 ;;BITSFR8              0      0       0       9        0.0%
   205 ;;SFR8                 0      0       0       9        0.0%
   206 ;;BANK2               50      0       0      10        0.0%
   207 ;;BITSFR9              0      0       0      10        0.0%
   208 ;;SFR9                 0      0       0      10        0.0%
   209 ;;BITBANK3            50      0       0      11        0.0%
   210 ;;BITSFR10             0      0       0      11        0.0%
   211 ;;SFR10                0      0       0      11        0.0%
   212 ;;BANK3               50      0       0      12        0.0%
   213 ;;BITSFR11             0      0       0      12        0.0%
   214 ;;SFR11                0      0       0      12        0.0%
   215 ;;BITBANK4            30      0       0      13        0.0%
   216 ;;BITSFR12             0      0       0      13        0.0%
   217 ;;SFR12                0      0       0      13        0.0%
   218 ;;BANK4               30      0       0      14        0.0%
   219 ;;BITSFR13             0      0       0      14        0.0%
   220 ;;SFR13                0      0       0      14        0.0%
   221 ;;BITSFR14             0      0       0      15        0.0%
   222 ;;SFR14                0      0       0      15        0.0%
   223 ;;DATA                 0      0       F      15        0.0%
   224 ;;BITSFR15             0      0       0      16        0.0%
   225 ;;SFR15                0      0       0      16        0.0%
   226 ;;BITSFR16             0      0       0      17        0.0%
   227 ;;SFR16                0      0       0      17        0.0%
   228 ;;BITSFR17             0      0       0      18        0.0%
   229 ;;SFR17                0      0       0      18        0.0%
   230 ;;BITSFR18             0      0       0      19        0.0%
   231 ;;SFR18                0      0       0      19        0.0%
   232 ;;BITSFR19             0      0       0      20        0.0%
   233 ;;SFR19                0      0       0      20        0.0%
   234 ;;BITSFR20             0      0       0      21        0.0%
   235 ;;SFR20                0      0       0      21        0.0%
   236 ;;BITSFR21             0      0       0      22        0.0%
   237 ;;SFR21                0      0       0      22        0.0%
   238 ;;BITSFR22             0      0       0      23        0.0%
   239 ;;SFR22                0      0       0      23        0.0%
   240 ;;BITSFR23             0      0       0      24        0.0%
   241 ;;SFR23                0      0       0      24        0.0%
   242 ;;BITSFR24             0      0       0      25        0.0%
   243 ;;SFR24                0      0       0      25        0.0%
   244 ;;BITSFR25             0      0       0      26        0.0%
   245 ;;SFR25                0      0       0      26        0.0%
   246 ;;BITSFR26             0      0       0      27        0.0%
   247 ;;SFR26                0      0       0      27        0.0%
   248 ;;BITSFR27             0      0       0      28        0.0%
   249 ;;SFR27                0      0       0      28        0.0%
   250 ;;BITSFR28             0      0       0      29        0.0%
   251 ;;SFR28                0      0       0      29        0.0%
   252 ;;BITSFR29             0      0       0      30        0.0%
   253 ;;SFR29                0      0       0      30        0.0%
   254 ;;BITSFR30             0      0       0      31        0.0%
   255 ;;SFR30                0      0       0      31        0.0%
   256 ;;BITSFR31             0      0       0      32        0.0%
   257 ;;SFR31                0      0       0      32        0.0%
   258                           
   259                           
   260 ;; *************** function _main *****************
   261 ;; Defined at:
   262 ;;		line 26 in file "D:\Projects_LOCAL\PIC16F1827\BASICIO\main.c"
   263 ;; Parameters:    Size  Location     Type
   264 ;;		None
   265 ;; Auto vars:     Size  Location     Type
   266 ;;		None
   267 ;; Return value:  Size  Location     Type
   268 ;;		None               void
   269 ;; Registers used:
   270 ;;		wreg, status,2, status,0, pclath, cstack
   271 ;; Tracked objects:
   272 ;;		On entry : 17F/0
   273 ;;		On exit  : 0/0
   274 ;;		Unchanged: 0/0
   275 ;; Data sizes:     COMMON   BANK0   BANK1   BANK2   BANK3   BANK4
   276 ;;      Params:         0       0       0       0       0       0
   277 ;;      Locals:         0       0       0       0       0       0
   278 ;;      Temps:          0       0       0       0       0       0
   279 ;;      Totals:         0       0       0       0       0       0
   280 ;;Total ram usage:        0 bytes
   281 ;; Hardware stack levels required when called:    3
   282 ;; This function calls:
   283 ;;		_initialization
   284 ;; This function is called by:
   285 ;;		Startup code after reset
   286 ;; This function uses a non-reentrant model
   287 ;;
   288  0038                     _main:	
   289                           
   290                           ;main.c: 27: initialization();
   291                           
   292                           ; Regs used in _main: [wreg+status,2+status,0+pclath+cstack]
   293  0038  209B  3180         	fcall	_initialization
   294  003A  30FA               	movlw	250
   295                           
   296                           ;main.c: 28: new1 = 0b1;
   297  003B  1478               	bsf	_new1/(0+8),_new1& (0+7)
   298                           
   299                           ;main.c: 29: new2 = 0b1;
   300  003C  14F8               	bsf	_new2/(0+8),_new2& (0+7)
   301                           
   302                           ;main.c: 30: new3 = 0b1;
   303  003D  1578               	bsf	_new3/(0+8),_new3& (0+7)
   304                           
   305                           ;main.c: 31: new4 = 0b1;
   306  003E  15F8               	bsf	_new4/(0+8),_new4& (0+7)
   307                           
   308                           ;main.c: 32: i8_LED1_time = 250;
   309  003F  00F0               	movwf	_i8_LED1_time
   310  0040  30BC               	movlw	188
   311  0041  01F1               	clrf	_i8_LED1_time+1
   312                           
   313                           ;main.c: 33: i8_LED2_time = 188;
   314  0042  00F2               	movwf	_i8_LED2_time
   315  0043  01F3               	clrf	_i8_LED2_time+1
   316                           
   317                           ;main.c: 34: i8_LED3_time = 188;
   318  0044  00F4               	movwf	_i8_LED3_time
   319  0045  307D               	movlw	125
   320  0046  01F5               	clrf	_i8_LED3_time+1
   321                           
   322                           ;main.c: 35: i8_LED4_time = 125;
   323  0047  00F6               	movwf	_i8_LED4_time
   324  0048  3006               	movlw	6
   325  0049  01F7               	clrf	_i8_LED4_time+1
   326                           
   327                           ;main.c: 36: TMR0 = 0x06;;
   328  004A  0020               	movlb	0	; select bank0
   329  004B  0095               	movwf	21	;volatile
   330  004C                     l2713:	
   331                           ;main.c: 37: while(1)
   332                           
   333                           
   334                           ;main.c: 38: {
   335                           ;main.c: 39: if(!i8_LED1_time)
   336  004C  0871               	movf	_i8_LED1_time+1,w
   337  004D  0470               	iorwf	_i8_LED1_time,w
   338  004E  1D03               	skipz
   339  004F  285C               	goto	l2719
   340                           
   341                           ;main.c: 40: {
   342                           ;main.c: 41: i8_LED1_time = 250;
   343  0050  30FA               	movlw	250
   344  0051  00F0               	movwf	_i8_LED1_time
   345  0052  01F1               	clrf	_i8_LED1_time+1
   346                           
   347                           ;main.c: 42: RA1 = new1;
   348  0053  1C78               	btfss	_new1/(0+8),_new1& (0+7)
   349  0054  2858               	goto	u2140
   350  0055  0020               	movlb	0	; select bank0
   351  0056  148C               	bsf	12,1
   352  0057  285A               	goto	u2154
   353  0058                     u2140:	
   354  0058  0020               	movlb	0	; select bank0
   355  0059  108C               	bcf	12,1
   356  005A                     u2154:	
   357                           
   358                           ;main.c: 43: new1 = ~new1;
   359  005A  3001               	movlw	(0+1) shl (_new1& (0+7))
   360  005B  06F8               	xorwf	_new1/(0+8),f
   361  005C                     l2719:	
   362                           
   363                           ;main.c: 44: }
   364                           ;main.c: 45: if(!i8_LED2_time)
   365  005C  0873               	movf	_i8_LED2_time+1,w
   366  005D  0472               	iorwf	_i8_LED2_time,w
   367  005E  1D03               	skipz
   368  005F  286C               	goto	l2725
   369                           
   370                           ;main.c: 46: {
   371                           ;main.c: 47: i8_LED2_time = 188;
   372  0060  30BC               	movlw	188
   373  0061  00F2               	movwf	_i8_LED2_time
   374  0062  01F3               	clrf	_i8_LED2_time+1
   375                           
   376                           ;main.c: 48: RA0 = new2;
   377  0063  1CF8               	btfss	_new2/(0+8),_new2& (0+7)
   378  0064  2868               	goto	u2170
   379  0065  0020               	movlb	0	; select bank0
   380  0066  140C               	bsf	12,0
   381  0067  286A               	goto	u2184
   382  0068                     u2170:	
   383  0068  0020               	movlb	0	; select bank0
   384  0069  100C               	bcf	12,0
   385  006A                     u2184:	
   386                           
   387                           ;main.c: 49: new2 = ~new2;
   388  006A  3002               	movlw	(0+1) shl (_new2& (0+7))
   389  006B  06F8               	xorwf	_new2/(0+8),f
   390  006C                     l2725:	
   391                           
   392                           ;main.c: 50: }
   393                           ;main.c: 51: if(!i8_LED3_time)
   394  006C  0875               	movf	_i8_LED3_time+1,w
   395  006D  0474               	iorwf	_i8_LED3_time,w
   396  006E  1D03               	skipz
   397  006F  287C               	goto	l2731
   398                           
   399                           ;main.c: 52: {
   400                           ;main.c: 53: i8_LED3_time = 188;
   401  0070  30BC               	movlw	188
   402  0071  00F4               	movwf	_i8_LED3_time
   403  0072  01F5               	clrf	_i8_LED3_time+1
   404                           
   405                           ;main.c: 54: RA7 = new3;
   406  0073  1D78               	btfss	_new3/(0+8),_new3& (0+7)
   407  0074  2878               	goto	u2200
   408  0075  0020               	movlb	0	; select bank0
   409  0076  178C               	bsf	12,7
   410  0077  287A               	goto	u2214
   411  0078                     u2200:	
   412  0078  0020               	movlb	0	; select bank0
   413  0079  138C               	bcf	12,7
   414  007A                     u2214:	
   415                           
   416                           ;main.c: 55: new3 = ~new3;
   417  007A  3004               	movlw	(0+1) shl (_new3& (0+7))
   418  007B  06F8               	xorwf	_new3/(0+8),f
   419  007C                     l2731:	
   420                           
   421                           ;main.c: 56: }
   422                           ;main.c: 57: if(!i8_LED4_time)
   423  007C  0877               	movf	_i8_LED4_time+1,w
   424  007D  0476               	iorwf	_i8_LED4_time,w
   425  007E  1D03               	skipz
   426  007F  288C               	goto	l2737
   427                           
   428                           ;main.c: 58: {
   429                           ;main.c: 59: i8_LED4_time = 125;
   430  0080  307D               	movlw	125
   431  0081  00F6               	movwf	_i8_LED4_time
   432  0082  01F7               	clrf	_i8_LED4_time+1
   433                           
   434                           ;main.c: 60: RA6 = new4;
   435  0083  1DF8               	btfss	_new4/(0+8),_new4& (0+7)
   436  0084  2888               	goto	u2230
   437  0085  0020               	movlb	0	; select bank0
   438  0086  170C               	bsf	12,6
   439  0087  288A               	goto	u2244
   440  0088                     u2230:	
   441  0088  0020               	movlb	0	; select bank0
   442  0089  130C               	bcf	12,6
   443  008A                     u2244:	
   444                           
   445                           ;main.c: 61: new4 = ~new4;
   446  008A  3008               	movlw	(0+1) shl (_new4& (0+7))
   447  008B  06F8               	xorwf	_new4/(0+8),f
   448  008C                     l2737:	
   449                           
   450                           ;main.c: 62: }
   451                           ;main.c: 63: if(!RB0)
   452  008C  0020               	movlb	0	; select bank0
   453  008D  180D               	btfsc	13,0
   454  008E  2895               	goto	l2743
   455                           
   456                           ;main.c: 64: {
   457                           ;main.c: 65: if(!i8_switch_debounce)
   458  008F  087A               	movf	_i8_switch_debounce+1,w
   459  0090  0479               	iorwf	_i8_switch_debounce,w
   460  0091  1D03               	skipz
   461  0092  2899               	goto	l2747
   462                           
   463                           ;main.c: 66: {
   464                           ;main.c: 67: RA6 = 0b1;
   465  0093  170C               	bsf	12,6
   466                           
   467                           ;main.c: 68: }
   468                           ;main.c: 69: }
   469  0094  2899               	goto	l2747
   470  0095                     l2743:	
   471                           
   472                           ;main.c: 70: else
   473                           ;main.c: 71: {
   474                           ;main.c: 72: i8_switch_debounce = 25;
   475  0095  3019               	movlw	25
   476  0096  00F9               	movwf	_i8_switch_debounce
   477  0097  01FA               	clrf	_i8_switch_debounce+1
   478                           
   479                           ;main.c: 73: RB0 = 0b1;
   480  0098  140D               	bsf	13,0
   481  0099                     l2747:	
   482  0099  0064               	clrwdt	;#
   483  009A  284C               	goto	l2713
   484  009B                     __end_of_main:	
   485  009B                     __ptext99:	
   486 ;; =============== function _main ends ============
   487                           
   488                           
   489 ;; *************** function _initialization *****************
   490 ;; Defined at:
   491 ;;		line 5 in file "D:\Projects_LOCAL\PIC16F1827\BASICIO\Peripheral_Initialization.h"
   492 ;; Parameters:    Size  Location     Type
   493 ;;		None
   494 ;; Auto vars:     Size  Location     Type
   495 ;;		None
   496 ;; Return value:  Size  Location     Type
   497 ;;		None               void
   498 ;; Registers used:
   499 ;;		wreg, status,2, status,0, pclath, cstack
   500 ;; Tracked objects:
   501 ;;		On entry : 0/0
   502 ;;		On exit  : 0/0
   503 ;;		Unchanged: 0/0
   504 ;; Data sizes:     COMMON   BANK0   BANK1   BANK2   BANK3   BANK4
   505 ;;      Params:         0       0       0       0       0       0
   506 ;;      Locals:         0       0       0       0       0       0
   507 ;;      Temps:          0       0       0       0       0       0
   508 ;;      Totals:         0       0       0       0       0       0
   509 ;;Total ram usage:        0 bytes
   510 ;; Hardware stack levels used:    1
   511 ;; Hardware stack levels required when called:    2
   512 ;; This function calls:
   513 ;;		_output_a
   514 ;;		_output_b
   515 ;; This function is called by:
   516 ;;		_main
   517 ;; This function uses a non-reentrant model
   518 ;;
   519  009B                     _initialization:	
   520                           
   521                           ;Peripheral_Initialization.h: 8: OSCCONbits.SPLLEN = 0b1;
   522                           
   523                           ; Regs used in _initialization: [wreg+status,2+status,0+pclath+cstack]
   524  009B  0021               	movlb	1	; select bank1
   525  009C  1799               	bsf	25,7	;volatile
   526                           
   527                           ;Peripheral_Initialization.h: 9: OSCCONbits.SCS = 0b00;
   528  009D  30FC               	movlw	-4
   529  009E  0599               	andwf	25,f	;volatile
   530                           
   531                           ;Peripheral_Initialization.h: 10: OSCCONbits.IRCF = 0b1110;
   532  009F  0819               	movf	25,w	;volatile
   533  00A0  3987               	andlw	-121
   534  00A1  3870               	iorlw	112
   535  00A2  0099               	movwf	25	;volatile
   536                           
   537                           ;Peripheral_Initialization.h: 15: WDTCONbits.WDTPS = 0x09;
   538  00A3  0817               	movf	23,w	;volatile
   539  00A4  39C1               	andlw	-63
   540  00A5  3812               	iorlw	18
   541  00A6  0097               	movwf	23	;volatile
   542                           
   543                           ;Peripheral_Initialization.h: 19: ANSELA = 0x00;
   544  00A7  0023               	movlb	3	; select bank3
   545  00A8  018C               	clrf	12	;volatile
   546                           
   547                           ;Peripheral_Initialization.h: 20: ANSELB = 0x00;
   548  00A9  018D               	clrf	13	;volatile
   549                           
   550                           ;Peripheral_Initialization.h: 23: OPTION_REG = 0x00;
   551  00AA  0021               	movlb	1	; select bank1
   552  00AB  0195               	clrf	21	;volatile
   553                           
   554                           ;Peripheral_Initialization.h: 25: OPTION_REGbits.nWPUEN = 0b1;
   555  00AC  1795               	bsf	21,7	;volatile
   556                           
   557                           ;Peripheral_Initialization.h: 26: OPTION_REGbits.TMR0CS = 0b0;
   558  00AD  1295               	bcf	21,5	;volatile
   559                           
   560                           ;Peripheral_Initialization.h: 27: OPTION_REGbits.PSA = 0b0;
   561  00AE  1195               	bcf	21,3	;volatile
   562                           
   563                           ;Peripheral_Initialization.h: 28: OPTION_REGbits.PS = 0b110;
   564  00AF  0815               	movf	21,w	;volatile
   565  00B0  39F8               	andlw	-8
   566  00B1  3806               	iorlw	6
   567  00B2  0095               	movwf	21	;volatile
   568                           
   569                           ;Peripheral_Initialization.h: 32: TMR0 = 0x06;;
   570  00B3  3006               	movlw	6
   571  00B4  0020               	movlb	0	; select bank0
   572  00B5  0095               	movwf	21	;volatile
   573                           
   574                           ;Peripheral_Initialization.h: 34: SSP1MSK = 0x00;
   575  00B6  0024               	movlb	4	; select bank4
   576  00B7  0193               	clrf	19	;volatile
   577                           
   578                           ;Peripheral_Initialization.h: 35: SSP2MSK = 0x00;
   579  00B8  019B               	clrf	27	;volatile
   580                           
   581                           ;Peripheral_Initialization.h: 36: PSTR1CON = 0x00;
   582  00B9  0025               	movlb	5	; select bank5
   583  00BA  0196               	clrf	22	;volatile
   584                           
   585                           ;Peripheral_Initialization.h: 37: PSTR2CON = 0x00;
   586  00BB  019D               	clrf	29	;volatile
   587                           
   588                           ;Peripheral_Initialization.h: 38: PR2 = 0x00;
   589  00BC  0020               	movlb	0	; select bank0
   590  00BD  019B               	clrf	27	;volatile
   591                           
   592                           ;Peripheral_Initialization.h: 40: INTCONbits.GIE = 0b1;
   593  00BE  178B               	bsf	11,7	;volatile
   594                           
   595                           ;Peripheral_Initialization.h: 41: INTCONbits.TMR0IE = 0b1;
   596  00BF  168B               	bsf	11,5	;volatile
   597                           
   598                           ;Peripheral_Initialization.h: 45: output_a(0b00000100);
   599  00C0  3004               	movlw	4
   600  00C1  00FB               	movwf	?_output_a
   601  00C2  01FC               	clrf	?_output_a+1
   602  00C3  20CE  3180         	fcall	_output_a
   603                           
   604                           ;Peripheral_Initialization.h: 46: output_b(0x00);
   605  00C5  01FB               	clrf	?_output_b
   606  00C6  01FC               	clrf	?_output_b+1
   607  00C7  20D2               	fcall	_output_b
   608                           
   609                           ;Peripheral_Initialization.h: 48: TRISA = 0b00000100;
   610  00C8  3004               	movlw	4
   611  00C9  0021               	movlb	1	; select bank1
   612  00CA  008C               	movwf	12	;volatile
   613                           
   614                           ;Peripheral_Initialization.h: 49: TRISB = 0b00000001;
   615  00CB  3001               	movlw	1
   616  00CC  008D               	movwf	13	;volatile
   617  00CD  0008               	return
   618  00CE                     __end_of_initialization:	
   619  00CE                     __ptext101:	
   620 ;; =============== function _output_b ends ============
   621                           
   622                           
   623 ;; *************** function _output_a *****************
   624 ;; Defined at:
   625 ;;		line 116 in file "D:\Projects_LOCAL\PIC16F1827\BASICIO\main.c"
   626 ;; Parameters:    Size  Location     Type
   627 ;;  x               2    0[COMMON] int 
   628 ;; Auto vars:     Size  Location     Type
   629 ;;		None
   630 ;; Return value:  Size  Location     Type
   631 ;;		None               void
   632 ;; Registers used:
   633 ;;		wreg
   634 ;; Tracked objects:
   635 ;;		On entry : 0/0
   636 ;;		On exit  : 0/0
   637 ;;		Unchanged: 0/0
   638 ;; Data sizes:     COMMON   BANK0   BANK1   BANK2   BANK3   BANK4
   639 ;;      Params:         2       0       0       0       0       0
   640 ;;      Locals:         0       0       0       0       0       0
   641 ;;      Temps:          0       0       0       0       0       0
   642 ;;      Totals:         2       0       0       0       0       0
   643 ;;Total ram usage:        2 bytes
   644 ;; Hardware stack levels used:    1
   645 ;; Hardware stack levels required when called:    1
   646 ;; This function calls:
   647 ;;		Nothing
   648 ;; This function is called by:
   649 ;;		_initialization
   650 ;; This function uses a non-reentrant model
   651 ;;
   652  00CE                     _output_a:	
   653                           
   654                           ;main.c: 117: PORTA = x;
   655                           
   656                           ; Regs used in _output_a: [wreg]
   657  00CE  087B               	movf	output_a@x,w
   658  00CF  0020               	movlb	0	; select bank0
   659  00D0  008C               	movwf	12	;volatile
   660  00D1  0008               	return
   661  00D2                     __end_of_output_a:	
   662  00D2                     __ptext100:	
   663 ;; =============== function _initialization ends ============
   664                           
   665                           
   666 ;; *************** function _output_b *****************
   667 ;; Defined at:
   668 ;;		line 121 in file "D:\Projects_LOCAL\PIC16F1827\BASICIO\main.c"
   669 ;; Parameters:    Size  Location     Type
   670 ;;  x               2    0[COMMON] int 
   671 ;; Auto vars:     Size  Location     Type
   672 ;;		None
   673 ;; Return value:  Size  Location     Type
   674 ;;		None               void
   675 ;; Registers used:
   676 ;;		wreg
   677 ;; Tracked objects:
   678 ;;		On entry : 0/0
   679 ;;		On exit  : 0/0
   680 ;;		Unchanged: 0/0
   681 ;; Data sizes:     COMMON   BANK0   BANK1   BANK2   BANK3   BANK4
   682 ;;      Params:         2       0       0       0       0       0
   683 ;;      Locals:         0       0       0       0       0       0
   684 ;;      Temps:          0       0       0       0       0       0
   685 ;;      Totals:         2       0       0       0       0       0
   686 ;;Total ram usage:        2 bytes
   687 ;; Hardware stack levels used:    1
   688 ;; Hardware stack levels required when called:    1
   689 ;; This function calls:
   690 ;;		Nothing
   691 ;; This function is called by:
   692 ;;		_initialization
   693 ;; This function uses a non-reentrant model
   694 ;;
   695  00D2                     _output_b:	
   696                           
   697                           ;main.c: 122: PORTB = x;
   698                           
   699                           ; Regs used in _output_b: [wreg]
   700  00D2  087B               	movf	output_b@x,w
   701  00D3  0020               	movlb	0	; select bank0
   702  00D4  008D               	movwf	13	;volatile
   703  00D5  0008               	return
   704  00D6                     __end_of_output_b:	
   705                           
   706                           	psect	bssCOMMON
   707  0079                     __pbssCOMMON:	
   708  0079                     _i8_switch_debounce:	
   709  0079                     	ds	2
   710                           
   711                           	psect	cstackCOMMON
   712  007B                     __pcstackCOMMON:	
   713  007B                     ?_output_a:	
   714  007B                     ?_output_b:	
   715                           ; 0 bytes @ 0x0
   716                           
   717  007B                     ?_initialization:	
   718                           ; 0 bytes @ 0x0
   719                           
   720  007B                     ?_main:	
   721                           ; 0 bytes @ 0x0
   722                           
   723  007B                     ?_isr:	
   724                           ; 0 bytes @ 0x0
   725                           
   726  007B                     ??_isr:	
   727                           ; 0 bytes @ 0x0
   728                           
   729  007B                     output_a@x:	
   730                           ; 0 bytes @ 0x0
   731                           
   732  007B                     output_b@x:	
   733                           ; 2 bytes @ 0x0
   734                           
   735                           
   736                           ; 2 bytes @ 0x0
   737  007B                     	ds	2
   738  007D                     ??_output_a:	
   739  007D                     ??_output_b:	
   740                           ; 0 bytes @ 0x2
   741                           
   742  007D                     ??_initialization:	
   743                           ; 0 bytes @ 0x2
   744                           
   745  007D                     ??_main:	
   746                           ; 0 bytes @ 0x2
   747                           
   748                           
   749                           	psect	intentry
   750  0004                     __pintentry:	
   751 ;; =============== function _output_a ends ============
   752                           
   753                           
   754 ;; *************** function _isr *****************
   755 ;; Defined at:
   756 ;;		line 83 in file "D:\Projects_LOCAL\PIC16F1827\BASICIO\main.c"
   757 ;; Parameters:    Size  Location     Type
   758 ;;		None
   759 ;; Auto vars:     Size  Location     Type
   760 ;;		None
   761 ;; Return value:  Size  Location     Type
   762 ;;		None               void
   763 ;; Registers used:
   764 ;;		wreg
   765 ;; Tracked objects:
   766 ;;		On entry : 0/0
   767 ;;		On exit  : 0/0
   768 ;;		Unchanged: 0/0
   769 ;; Data sizes:     COMMON   BANK0   BANK1   BANK2   BANK3   BANK4
   770 ;;      Params:         0       0       0       0       0       0
   771 ;;      Locals:         0       0       0       0       0       0
   772 ;;      Temps:          0       0       0       0       0       0
   773 ;;      Totals:         0       0       0       0       0       0
   774 ;;Total ram usage:        0 bytes
   775 ;; Hardware stack levels used:    1
   776 ;; This function calls:
   777 ;;		Nothing
   778 ;; This function is called by:
   779 ;;		Interrupt level 1
   780 ;; This function uses a non-reentrant model
   781 ;;
   782  0004                     _isr:	
   783                           
   784                           ; Regs used in _isr: [wreg]
   785  0004  3180               	pagesel	$
   786                           
   787                           ;main.c: 84: if(T0IF)
   788  0005  1D0B               	btfss	11,2
   789  0006  0009               	retfie
   790                           
   791                           ;main.c: 85: {
   792                           ;main.c: 86: TMR0 = 0x06;;
   793  0007  3006               	movlw	6
   794  0008  0020               	movlb	0	; select bank0
   795  0009  0095               	movwf	21	;volatile
   796                           
   797                           ;main.c: 87: T0IF = 0b0;
   798  000A  110B               	bcf	11,2
   799                           
   800                           ;main.c: 88: INTCONbits.GIE = 0b0;
   801  000B  138B               	bcf	11,7	;volatile
   802                           
   803                           ;main.c: 89: if(i8_LED1_time)
   804  000C  0871               	movf	_i8_LED1_time+1,w
   805  000D  0470               	iorwf	_i8_LED1_time,w
   806  000E  1903               	skipnz
   807  000F  2813               	goto	i1l1468
   808                           
   809                           ;main.c: 90: {
   810                           ;main.c: 91: i8_LED1_time--;
   811  0010  30FF               	movlw	255
   812  0011  07F0               	addwf	_i8_LED1_time,f
   813  0012  3DF1               	addwfc	_i8_LED1_time+1,f
   814  0013                     i1l1468:	
   815                           
   816                           ;main.c: 92: }
   817                           ;main.c: 93: if(i8_LED2_time)
   818  0013  0873               	movf	_i8_LED2_time+1,w
   819  0014  0472               	iorwf	_i8_LED2_time,w
   820  0015  1903               	skipnz
   821  0016  281A               	goto	i1l1469
   822                           
   823                           ;main.c: 94: {
   824                           ;main.c: 95: i8_LED2_time--;
   825  0017  30FF               	movlw	255
   826  0018  07F2               	addwf	_i8_LED2_time,f
   827  0019  3DF3               	addwfc	_i8_LED2_time+1,f
   828  001A                     i1l1469:	
   829                           
   830                           ;main.c: 96: }
   831                           ;main.c: 97: if(i8_LED3_time)
   832  001A  0875               	movf	_i8_LED3_time+1,w
   833  001B  0474               	iorwf	_i8_LED3_time,w
   834  001C  1903               	skipnz
   835  001D  2821               	goto	i1l1470
   836                           
   837                           ;main.c: 98: {
   838                           ;main.c: 99: i8_LED3_time--;
   839  001E  30FF               	movlw	255
   840  001F  07F4               	addwf	_i8_LED3_time,f
   841  0020  3DF5               	addwfc	_i8_LED3_time+1,f
   842  0021                     i1l1470:	
   843                           
   844                           ;main.c: 100: }
   845                           ;main.c: 101: if(i8_LED4_time)
   846  0021  0877               	movf	_i8_LED4_time+1,w
   847  0022  0476               	iorwf	_i8_LED4_time,w
   848  0023  1903               	skipnz
   849  0024  2828               	goto	i1l1471
   850                           
   851                           ;main.c: 102: {
   852                           ;main.c: 103: i8_LED4_time--;
   853  0025  30FF               	movlw	255
   854  0026  07F6               	addwf	_i8_LED4_time,f
   855  0027  3DF7               	addwfc	_i8_LED4_time+1,f
   856  0028                     i1l1471:	
   857                           
   858                           ;main.c: 104: }
   859                           ;main.c: 105: if(i8_switch_debounce)
   860  0028  087A               	movf	_i8_switch_debounce+1,w
   861  0029  0479               	iorwf	_i8_switch_debounce,w
   862  002A  1903               	skipnz
   863  002B  282F               	goto	i1l1873
   864                           
   865                           ;main.c: 106: {
   866                           ;main.c: 107: i8_switch_debounce--;
   867  002C  30FF               	movlw	255
   868  002D  07F9               	addwf	_i8_switch_debounce,f
   869  002E  3DFA               	addwfc	_i8_switch_debounce+1,f
   870  002F                     i1l1873:	
   871                           
   872                           ;main.c: 108: }
   873                           ;main.c: 109: INTCONbits.GIE = 0b1;
   874  002F  178B               	bsf	11,7	;volatile
   875  0030  0009               	retfie
   876  0031                     __end_of_isr:	
   877                           
   878 ;; =============== function _isr ends ============
   879  007E                     btemp	set	126	;btemp
   880  007E                     wtemp0	set	126


HI-TECH Software PICC Macro Assembler V9.81 build 7503 
Symbol Table                                                                                   Fri Mar 28 14:28:51 2014

                    _RA0 0060                      _RA1 0061                      _RB0 0068  
                    _RA6 0066                      _RA7 0067                      _PR2 001B  
                    _isr 0004                     l1451 0000                     l1460 0000  
                   l1461 0000                     l1462 0000                     l1454 0000  
                   l1463 0000                     l1455 0000                     l1464 0000  
                   l1456 0000                     l1457 0000                     l1458 0000  
                   l1459 0000                     l1476 0000                     l2701 0000  
                   l1479 0000                     l2711 0000                     l2703 0000  
                   l2713 004C                     l2705 0000                     l1851 0000  
                   l2731 007C                     l2723 0000                     l2707 0000  
                   l1853 0000                     l2661 0000                     l2725 006C  
                   l2717 0000                     l2709 0000                     l2671 0000  
                   l2663 0000                     l2655 0000                     l2743 0095  
                   l2735 0000                     l2719 005C                     l2681 0000  
                   l2673 0000                     l2665 0000                     l2657 0000  
                   l2745 0000                     l2737 008C                     l2729 0000  
                   l2691 0000                     l2683 0000                     l2675 0000  
                   l2667 0000                     l2659 0000                     l2747 0099  
                   l2685 0000                     l2677 0000                     l2669 0000  
                   l2693 0000                     l2687 0000                     l2679 0000  
                   l2695 0000                     l2689 0000                     l2697 0000  
                   l2699 0000                     ?_isr 007B                     _T0IF 005A  
                   u2200 0078                     u2140 0058                     u2230 0088  
                   u2214 007A                     u2170 0068                     u2154 005A  
                   u2244 008A                     u2184 006A                     _TMR0 0015  
       ??_initialization 007D                     _new1 03C0                     _new2 03C1  
                   _new3 03C2                     _new4 03C3                     _main 0038  
                   btemp 007E                     start 0031                    ??_isr 007B  
                  ?_main 007B                    _PORTA 000C                    _PORTB 000D  
                  _TRISA 008C                    _TRISB 008D                    wtemp0 007E  
           __end_of_main 009B                   ??_main 007D                   _ANSELA 018C  
                 _ANSELB 018D                   i1l1470 0021                   i1l1471 0028  
                 i1l1472 0000                   i1l1467 0000                   i1l1468 0013  
                 i1l1469 001A                   i1l1861 0000                   i1l1855 0000  
                 i1l1873 002F                   i1l1859 0000         __end_of_output_a 00D2  
       __end_of_output_b 00D6           __pcstackCOMMON 007B           _OPTION_REGbits 0095  
             __pnvCOMMON 0070               __pmaintext 0038               __pintentry 0004  
           _i8_LED1_time 0070             _i8_LED2_time 0072             _i8_LED3_time 0074  
           _i8_LED4_time 0076                  _SSP1MSK 0213                  _SSP2MSK 021B  
              ?_output_a 007B                ?_output_b 007B             __size_of_isr 002D  
   end_of_initialization 0036  __size_of_initialization 0033               ??_output_a 007D  
             ??_output_b 007D            __pbitnvCOMMON 03C0      start_initialization 0034  
            __end_of_isr 0031              __pbssCOMMON 0079                __ptext100 00D2  
              __ptext101 00CE           _initialization 009B        __size_of_output_a 0004  
      __size_of_output_b 0004   __end_of_initialization 00CE                 _PSTR1CON 0296  
               _PSTR2CON 029D          ?_initialization 007B                 __ptext99 009B  
          __size_of_main 0063                 _output_a 00CE                 _output_b 00D2  
             _INTCONbits 000B                 intlevel1 0000                output_a@x 007B  
              output_b@x 007B               _OSCCONbits 0099               _OPTION_REG 0095  
             _WDTCONbits 0097       _i8_switch_debounce 0079  
